
##### S4 run 2026-07-17 15:57:34 mode=phase1 #####

##### S4 run 2026-07-17 15:57:54 mode=phase1 #####

=== phase1: ffmpeg deflicker -> hevc_videotoolbox -> -f null ===
[p1] total frames via ffprobe (duration*fps): 1440
[p1] t=  0.5s frame=  62/1440 fps=   0.0 speed= 5.12x eta=   inf
[p1] t=  1.0s frame= 182/1440 fps= 180.3 speed= 7.48x eta=   7.0s
[p1] t=  1.5s frame= 313/1440 fps= 206.8 speed=  8.6x eta=   5.4s
[p1] t=  2.0s frame= 433/1440 fps= 215.0 speed= 8.97x eta=   4.7s
[p1] t=  2.5s frame= 560/1440 fps= 222.3 speed= 9.26x eta=   4.0s
[p1] t=  3.0s frame= 688/1440 fps= 227.4 speed= 9.47x eta=   3.3s
[p1] t=  3.6s frame= 797/1440 fps= 225.8 speed=  9.4x eta=   2.8s
[p1] t=  4.1s frame= 936/1440 fps= 232.0 speed= 9.67x eta=   2.2s
[p1] t=  4.6s frame=1068/1440 fps= 235.3 speed=  9.8x eta=   1.6s
[p1] t=  5.1s frame=1187/1440 fps= 235.4 speed= 9.81x eta=   1.1s
[p1] t=  5.6s frame=1262/1440 fps= 227.5 speed= 9.48x eta=   0.8s
[p1] t=  6.1s frame=1374/1440 fps= 227.1 speed= 9.47x eta=   0.3s
[p1] t=  6.3s frame=1440/1440 fps= 228.5 speed= 9.52x eta=   0.0s  [progress=end]
[p1] ffmpeg exit code: 0

[p1] 13 progress blocks, progress=end seen: True
[p1] table (elapsed_s, frame, fps, eta_s), subsampled:
[p1]      0.5    62     0.0  inf
[p1]      1.5   313   206.8  5.4
[p1]      2.0   433   215.0  4.7
[p1]      3.0   688   227.4  3.3
[p1]      4.1   936   232.0  2.2
[p1]      5.1  1187   235.4  1.1
[p1]      5.6  1262   227.5  0.8
[p1]      6.3  1440   228.5  0.0
[p1] verdict: PASS

##### S4 verdicts: {'phase1': 'PASS'} #####

##### S4 run 2026-07-17 15:58:08 mode=phase2 #####

=== phase2: vspipe chain60.vpy | ffmpeg hevc_videotoolbox -> -f null ===
[p2] app-supplied total frames: 1440
[p2] t=  1.2s frame=  67/1440 fps=   0.0 speed= 5.47x eta=   inf
[p2] t=  1.7s frame= 179/1440 fps= 177.3 speed= 7.35x eta=   7.1s
[p2] t=  2.2s frame= 316/1440 fps= 208.6 speed= 8.67x eta=   5.4s
[p2] t=  2.7s frame= 412/1440 fps= 204.0 speed= 8.49x eta=   5.0s
[p2] t=  3.2s frame= 517/1440 fps= 204.7 speed= 8.52x eta=   4.5s
[p2] t=  3.7s frame= 625/1440 fps= 206.3 speed= 8.62x eta=   3.9s
[p2] t=  4.2s frame= 720/1440 fps= 203.9 speed= 8.49x eta=   3.5s
[p2] t=  4.7s frame= 807/1440 fps= 199.9 speed= 8.33x eta=   3.2s
[p2] t=  5.2s frame= 900/1440 fps= 198.3 speed= 8.26x eta=   2.7s
[p2] t=  5.7s frame=1030/1440 fps= 204.2 speed= 8.51x eta=   2.0s
[p2] t=  6.2s frame=1148/1440 fps= 207.1 speed= 8.63x eta=   1.4s
[p2] t=  6.7s frame=1239/1440 fps= 204.7 speed= 8.53x eta=   1.0s
[p2:vspipe-stderr] Script evaluation done in 0.08 seconds
Frame: 1/1440
[p2:vspipe] Frame: 1210/1440 (secondary signal, leads encoder)
[p2] t=  7.2s frame=1338/1440 fps= 204.1 speed= 8.51x eta=   0.5s
[p2:vspipe-stderr] Output 1440 frames in 7.30 seconds (197.24 fps)
[p2] t=  7.7s frame=1440/1440 fps= 204.4 speed= 8.52x eta=   0.0s  [progress=end]
[p2] exit codes: vspipe=0 ffmpeg=0; vspipe Frame lines parsed: 14, final vspipe frame: 1400/1440

[p2] 14 progress blocks, progress=end seen: True
[p2] table (elapsed_s, frame, fps, eta_s), subsampled:
[p2]      1.2    67     0.0  inf
[p2]      2.2   316   208.6  5.4
[p2]      3.2   517   204.7  4.5
[p2]      4.2   720   203.9  3.5
[p2]      4.7   807   199.9  3.2
[p2]      5.7  1030   204.2  2.0
[p2]      6.7  1239   204.7  1.0
[p2]      7.7  1440   204.4  0.0
[p2] verdict: PASS

##### S4 verdicts: {'phase2': 'PASS'} #####

##### S4 run 2026-07-17 15:58:40 mode=phase2 #####

=== phase2: vspipe chain60.vpy | ffmpeg hevc_videotoolbox -> -f null ===
[p2] app-supplied total frames: 1440
[p2] t=  0.9s frame=  81/1440 fps=   0.0 speed= 6.65x eta=   inf
[p2] t=  1.4s frame= 221/1440 fps= 219.6 speed= 9.12x eta=   5.6s
[p2] t=  1.9s frame= 346/1440 fps= 228.8 speed= 9.51x eta=   4.8s
[p2] t=  2.5s frame= 492/1440 fps= 243.9 speed= 10.2x eta=   3.9s
[p2] t=  3.0s frame= 623/1440 fps= 247.4 speed= 10.3x eta=   3.3s
[p2] t=  3.5s frame= 742/1440 fps= 245.4 speed= 10.2x eta=   2.8s
[p2] t=  4.0s frame= 874/1440 fps= 247.7 speed= 10.3x eta=   2.3s
[p2] t=  4.5s frame= 997/1440 fps= 247.5 speed= 10.3x eta=   1.8s
[p2] t=  5.0s frame=1126/1440 fps= 248.6 speed= 10.4x eta=   1.3s
[p2] t=  5.5s frame=1244/1440 fps= 247.2 speed= 10.3x eta=   0.8s
[p2] t=  6.0s frame=1372/1440 fps= 247.8 speed= 10.3x eta=   0.3s
[p2:vspipe-stderr] Script evaluation done in 0.04 seconds
[p2:vspipe-stderr] Output 1440 frames in 5.98 seconds (240.86 fps)
[p2:vspipe] Frame: 1342/1440 (secondary signal, leads encoder)
[p2] t=  6.2s frame=1440/1440 fps= 248.5 speed= 10.4x eta=   0.0s  [progress=end]
[p2] exit codes: vspipe=0 ffmpeg=0; vspipe Frame lines parsed: 12, final vspipe frame: 1342/1440

[p2] 12 progress blocks, progress=end seen: True
[p2] table (elapsed_s, frame, fps, eta_s), subsampled:
[p2]      0.9    81     0.0  inf
[p2]      1.9   346   228.8  4.8
[p2]      2.5   492   243.9  3.9
[p2]      3.5   742   245.4  2.8
[p2]      4.0   874   247.7  2.3
[p2]      5.0  1126   248.6  1.3
[p2]      5.5  1244   247.2  0.8
[p2]      6.2  1440   248.5  0.0
[p2] verdict: PASS

##### S4 verdicts: {'phase2': 'PASS'} #####
